0 info it worked if it ends with ok
1 verbose cli [ 'C:\\Program Files\\nodejs\\\\node.exe',
1 verbose cli   'C:\\Program Files\\nodejs\\node_modules\\npm\\bin\\npm-cli.js',
1 verbose cli   'test',
1 verbose cli   '--help' ]
2 info using npm@1.4.28
3 info using node@v0.10.33
4 verbose node symlink C:\Program Files\nodejs\\node.exe
5 error Error: Command failed: The system cannot find the file C:\Program Files\nodejs\node_modules\npm\html\doc\cli\test.html.
5 error
5 error     at ChildProcess.exithandler (child_process.js:648:15)
5 error     at ChildProcess.emit (events.js:98:17)
5 error     at maybeClose (child_process.js:756:16)
5 error     at Process.ChildProcess._handle.onexit (child_process.js:823:5)
6 error If you need help, you may report this *entire* log,
6 error including the npm and node versions, at:
6 error     <http://github.com/npm/npm/issues>
7 error System Windows_NT 6.1.7601
8 error command "C:\\Program Files\\nodejs\\\\node.exe" "C:\\Program Files\\nodejs\\node_modules\\npm\\bin\\npm-cli.js" "test" "--help"
9 error cwd C:\inetpub\wwwroot\GitHub\xml-parser
10 error node -v v0.10.33
11 error npm -v 1.4.28
12 error code 1
13 verbose exit [ 1, true ]
